{"/home/chinchillo/Schreibtisch/PolishStreetNames/src/components/Chart.js": {"path":"/home/chinchillo/Schreibtisch/PolishStreetNames/src/components/Chart.js","statementMap":{"0":{"start":{"line":7,"column":8},"end":{"line":7,"column":21}},"1":{"start":{"line":8,"column":8},"end":{"line":11,"column":9}},"2":{"start":{"line":12,"column":8},"end":{"line":12,"column":52}},"3":{"start":{"line":13,"column":8},"end":{"line":13,"column":60}},"4":{"start":{"line":14,"column":8},"end":{"line":14,"column":92}},"5":{"start":{"line":15,"column":8},"end":{"line":15,"column":82}},"6":{"start":{"line":18,"column":19},"end":{"line":22,"column":5}},"7":{"start":{"line":19,"column":8},"end":{"line":21,"column":11}},"8":{"start":{"line":24,"column":21},"end":{"line":26,"column":5}},"9":{"start":{"line":25,"column":8},"end":{"line":25,"column":33}},"10":{"start":{"line":30,"column":27},"end":{"line":30,"column":36}},"11":{"start":{"line":31,"column":26},"end":{"line":31,"column":36}},"12":{"start":{"line":32,"column":25},"end":{"line":32,"column":49}},"13":{"start":{"line":33,"column":22},"end":{"line":33,"column":31}},"14":{"start":{"line":34,"column":8},"end":{"line":46,"column":9}},"15":{"start":{"line":35,"column":26},"end":{"line":35,"column":44}},"16":{"start":{"line":36,"column":34},"end":{"line":36,"column":54}},"17":{"start":{"line":37,"column":12},"end":{"line":41,"column":13}},"18":{"start":{"line":38,"column":16},"end":{"line":38,"column":52}},"19":{"start":{"line":40,"column":16},"end":{"line":40,"column":79}},"20":{"start":{"line":42,"column":26},"end":{"line":42,"column":63}},"21":{"start":{"line":42,"column":44},"end":{"line":42,"column":62}},"22":{"start":{"line":43,"column":12},"end":{"line":45,"column":13}},"23":{"start":{"line":44,"column":16},"end":{"line":44,"column":47}},"24":{"start":{"line":47,"column":8},"end":{"line":47,"column":27}},"25":{"start":{"line":48,"column":8},"end":{"line":48,"column":27}},"26":{"start":{"line":55,"column":19},"end":{"line":55,"column":34}},"27":{"start":{"line":57,"column":8},"end":{"line":73,"column":9}},"28":{"start":{"line":58,"column":12},"end":{"line":58,"column":23}},"29":{"start":{"line":59,"column":33},"end":{"line":59,"column":34}},"30":{"start":{"line":60,"column":30},"end":{"line":60,"column":50}},"31":{"start":{"line":61,"column":29},"end":{"line":61,"column":63}},"32":{"start":{"line":62,"column":12},"end":{"line":62,"column":102}},"33":{"start":{"line":64,"column":12},"end":{"line":70,"column":13}},"34":{"start":{"line":65,"column":16},"end":{"line":65,"column":59}},"35":{"start":{"line":68,"column":17},"end":{"line":70,"column":13}},"36":{"start":{"line":69,"column":16},"end":{"line":69,"column":48}},"37":{"start":{"line":71,"column":12},"end":{"line":71,"column":23}},"38":{"start":{"line":74,"column":8},"end":{"line":74,"column":31}},"39":{"start":{"line":78,"column":19},"end":{"line":78,"column":21}},"40":{"start":{"line":79,"column":8},"end":{"line":88,"column":10}},"41":{"start":{"line":80,"column":25},"end":{"line":80,"column":48}},"42":{"start":{"line":81,"column":33},"end":{"line":81,"column":74}},"43":{"start":{"line":81,"column":54},"end":{"line":81,"column":73}},"44":{"start":{"line":82,"column":12},"end":{"line":87,"column":13}},"45":{"start":{"line":83,"column":16},"end":{"line":83,"column":59}},"46":{"start":{"line":85,"column":40},"end":{"line":85,"column":55}},"47":{"start":{"line":86,"column":16},"end":{"line":86,"column":42}},"48":{"start":{"line":90,"column":8},"end":{"line":90,"column":19}},"49":{"start":{"line":98,"column":28},"end":{"line":98,"column":38}},"50":{"start":{"line":99,"column":8},"end":{"line":101,"column":10}},"51":{"start":{"line":100,"column":12},"end":{"line":100,"column":68}},"52":{"start":{"line":100,"column":46},"end":{"line":100,"column":66}},"53":{"start":{"line":102,"column":21},"end":{"line":102,"column":42}},"54":{"start":{"line":103,"column":20},"end":{"line":103,"column":60}},"55":{"start":{"line":104,"column":8},"end":{"line":104,"column":26}},"56":{"start":{"line":109,"column":26},"end":{"line":109,"column":36}},"57":{"start":{"line":110,"column":24},"end":{"line":110,"column":85}},"58":{"start":{"line":112,"column":8},"end":{"line":148,"column":10}},"59":{"start":{"line":116,"column":20},"end":{"line":146,"column":29}},"60":{"start":{"line":116,"column":123},"end":{"line":116,"column":127}},"61":{"start":{"line":117,"column":35},"end":{"line":117,"column":39}}},"fnMap":{"0":{"name":"(anonymous_0)","decl":{"start":{"line":6,"column":4},"end":{"line":6,"column":5}},"loc":{"start":{"line":6,"column":23},"end":{"line":16,"column":5}},"line":6},"1":{"name":"(anonymous_1)","decl":{"start":{"line":18,"column":19},"end":{"line":18,"column":20}},"loc":{"start":{"line":18,"column":25},"end":{"line":22,"column":5}},"line":18},"2":{"name":"(anonymous_2)","decl":{"start":{"line":24,"column":21},"end":{"line":24,"column":22}},"loc":{"start":{"line":24,"column":30},"end":{"line":26,"column":5}},"line":24},"3":{"name":"(anonymous_3)","decl":{"start":{"line":28,"column":4},"end":{"line":28,"column":5}},"loc":{"start":{"line":28,"column":36},"end":{"line":51,"column":5}},"line":28},"4":{"name":"(anonymous_4)","decl":{"start":{"line":42,"column":36},"end":{"line":42,"column":37}},"loc":{"start":{"line":42,"column":44},"end":{"line":42,"column":62}},"line":42},"5":{"name":"(anonymous_5)","decl":{"start":{"line":53,"column":4},"end":{"line":53,"column":5}},"loc":{"start":{"line":53,"column":17},"end":{"line":75,"column":5}},"line":53},"6":{"name":"(anonymous_6)","decl":{"start":{"line":77,"column":4},"end":{"line":77,"column":5}},"loc":{"start":{"line":77,"column":21},"end":{"line":91,"column":5}},"line":77},"7":{"name":"(anonymous_7)","decl":{"start":{"line":79,"column":32},"end":{"line":79,"column":33}},"loc":{"start":{"line":79,"column":48},"end":{"line":88,"column":9}},"line":79},"8":{"name":"(anonymous_8)","decl":{"start":{"line":81,"column":43},"end":{"line":81,"column":44}},"loc":{"start":{"line":81,"column":54},"end":{"line":81,"column":73}},"line":81},"9":{"name":"(anonymous_9)","decl":{"start":{"line":92,"column":4},"end":{"line":92,"column":5}},"loc":{"start":{"line":92,"column":25},"end":{"line":94,"column":5}},"line":92},"10":{"name":"(anonymous_10)","decl":{"start":{"line":96,"column":4},"end":{"line":96,"column":5}},"loc":{"start":{"line":96,"column":37},"end":{"line":105,"column":5}},"line":96},"11":{"name":"(anonymous_11)","decl":{"start":{"line":99,"column":34},"end":{"line":99,"column":35}},"loc":{"start":{"line":99,"column":42},"end":{"line":101,"column":9}},"line":99},"12":{"name":"(anonymous_12)","decl":{"start":{"line":108,"column":4},"end":{"line":108,"column":5}},"loc":{"start":{"line":108,"column":13},"end":{"line":149,"column":5}},"line":108},"13":{"name":"(anonymous_13)","decl":{"start":{"line":114,"column":17},"end":{"line":114,"column":18}},"loc":{"start":{"line":116,"column":20},"end":{"line":146,"column":29}},"line":116},"14":{"name":"(anonymous_14)","decl":{"start":{"line":116,"column":118},"end":{"line":116,"column":119}},"loc":{"start":{"line":116,"column":123},"end":{"line":116,"column":127}},"line":116},"15":{"name":"(anonymous_15)","decl":{"start":{"line":117,"column":30},"end":{"line":117,"column":31}},"loc":{"start":{"line":117,"column":35},"end":{"line":117,"column":39}},"line":117}},"branchMap":{"0":{"loc":{"start":{"line":37,"column":12},"end":{"line":41,"column":13}},"type":"if","locations":[{"start":{"line":37,"column":12},"end":{"line":41,"column":13}},{"start":{"line":37,"column":12},"end":{"line":41,"column":13}}],"line":37},"1":{"loc":{"start":{"line":43,"column":12},"end":{"line":45,"column":13}},"type":"if","locations":[{"start":{"line":43,"column":12},"end":{"line":45,"column":13}},{"start":{"line":43,"column":12},"end":{"line":45,"column":13}}],"line":43},"2":{"loc":{"start":{"line":57,"column":8},"end":{"line":73,"column":9}},"type":"if","locations":[{"start":{"line":57,"column":8},"end":{"line":73,"column":9}},{"start":{"line":57,"column":8},"end":{"line":73,"column":9}}],"line":57},"3":{"loc":{"start":{"line":64,"column":12},"end":{"line":70,"column":13}},"type":"if","locations":[{"start":{"line":64,"column":12},"end":{"line":70,"column":13}},{"start":{"line":64,"column":12},"end":{"line":70,"column":13}}],"line":64},"4":{"loc":{"start":{"line":64,"column":16},"end":{"line":64,"column":60}},"type":"binary-expr","locations":[{"start":{"line":64,"column":16},"end":{"line":64,"column":37}},{"start":{"line":64,"column":41},"end":{"line":64,"column":60}}],"line":64},"5":{"loc":{"start":{"line":68,"column":17},"end":{"line":70,"column":13}},"type":"if","locations":[{"start":{"line":68,"column":17},"end":{"line":70,"column":13}},{"start":{"line":68,"column":17},"end":{"line":70,"column":13}}],"line":68},"6":{"loc":{"start":{"line":82,"column":12},"end":{"line":87,"column":13}},"type":"if","locations":[{"start":{"line":82,"column":12},"end":{"line":87,"column":13}},{"start":{"line":82,"column":12},"end":{"line":87,"column":13}}],"line":82},"7":{"loc":{"start":{"line":100,"column":12},"end":{"line":100,"column":68}},"type":"if","locations":[{"start":{"line":100,"column":12},"end":{"line":100,"column":68}},{"start":{"line":100,"column":12},"end":{"line":100,"column":68}}],"line":100},"8":{"loc":{"start":{"line":134,"column":25},"end":{"line":140,"column":38}},"type":"cond-expr","locations":[{"start":{"line":134,"column":33},"end":{"line":140,"column":31}},{"start":{"line":140,"column":34},"end":{"line":140,"column":38}}],"line":134}},"s":{"0":0,"1":0,"2":0,"3":0,"4":0,"5":0,"6":0,"7":0,"8":0,"9":0,"10":0,"11":0,"12":0,"13":0,"14":0,"15":0,"16":0,"17":0,"18":0,"19":0,"20":0,"21":0,"22":0,"23":0,"24":0,"25":0,"26":0,"27":0,"28":0,"29":0,"30":0,"31":0,"32":0,"33":0,"34":0,"35":0,"36":0,"37":0,"38":0,"39":0,"40":0,"41":0,"42":0,"43":0,"44":0,"45":0,"46":0,"47":0,"48":0,"49":0,"50":0,"51":0,"52":0,"53":0,"54":0,"55":0,"56":0,"57":0,"58":0,"59":0,"60":0,"61":0},"f":{"0":0,"1":0,"2":0,"3":0,"4":0,"5":0,"6":0,"7":0,"8":0,"9":0,"10":0,"11":0,"12":0,"13":0,"14":0,"15":0},"b":{"0":[0,0],"1":[0,0],"2":[0,0],"3":[0,0],"4":[0,0],"5":[0,0],"6":[0,0],"7":[0,0],"8":[0,0]},"_coverageSchema":"1a1c01bbd47fc00a2c39e90264f33305004495a9","hash":"bd23867e7454e9fbf84f3244da64d36ae9163ec0"}
,"/home/chinchillo/Schreibtisch/PolishStreetNames/src/components/DateFilter.js": {"path":"/home/chinchillo/Schreibtisch/PolishStreetNames/src/components/DateFilter.js","statementMap":{"0":{"start":{"line":10,"column":8},"end":{"line":10,"column":21}},"1":{"start":{"line":14,"column":8},"end":{"line":74,"column":10}},"2":{"start":{"line":36,"column":28},"end":{"line":36,"column":50}}},"fnMap":{"0":{"name":"(anonymous_0)","decl":{"start":{"line":9,"column":4},"end":{"line":9,"column":5}},"loc":{"start":{"line":9,"column":23},"end":{"line":11,"column":5}},"line":9},"1":{"name":"(anonymous_1)","decl":{"start":{"line":13,"column":4},"end":{"line":13,"column":5}},"loc":{"start":{"line":13,"column":13},"end":{"line":75,"column":5}},"line":13},"2":{"name":"(anonymous_2)","decl":{"start":{"line":35,"column":38},"end":{"line":35,"column":39}},"loc":{"start":{"line":35,"column":48},"end":{"line":37,"column":25}},"line":35}},"branchMap":{},"s":{"0":0,"1":0,"2":0},"f":{"0":0,"1":0,"2":0},"b":{},"_coverageSchema":"1a1c01bbd47fc00a2c39e90264f33305004495a9","hash":"2a3384a14fb7ea44ed23b17b76265d9f9099a306"}
,"/home/chinchillo/Schreibtisch/PolishStreetNames/src/components/Header.js": {"path":"/home/chinchillo/Schreibtisch/PolishStreetNames/src/components/Header.js","statementMap":{"0":{"start":{"line":3,"column":15},"end":{"line":9,"column":1}},"1":{"start":{"line":4,"column":4},"end":{"line":8,"column":10}}},"fnMap":{"0":{"name":"(anonymous_0)","decl":{"start":{"line":3,"column":15},"end":{"line":3,"column":16}},"loc":{"start":{"line":4,"column":4},"end":{"line":8,"column":10}},"line":4}},"branchMap":{},"s":{"0":1,"1":0},"f":{"0":0},"b":{},"_coverageSchema":"1a1c01bbd47fc00a2c39e90264f33305004495a9","hash":"c14b5790951b9c21f5a3c7fd060ccd067b560c14"}
,"/home/chinchillo/Schreibtisch/PolishStreetNames/src/components/NewMap.js": {"path":"/home/chinchillo/Schreibtisch/PolishStreetNames/src/components/NewMap.js","statementMap":{"0":{"start":{"line":8,"column":4},"end":{"line":9,"column":1}},"1":{"start":{"line":15,"column":8},"end":{"line":15,"column":21}},"2":{"start":{"line":16,"column":8},"end":{"line":26,"column":14}},"3":{"start":{"line":28,"column":8},"end":{"line":28,"column":50}},"4":{"start":{"line":29,"column":8},"end":{"line":29,"column":58}},"5":{"start":{"line":30,"column":8},"end":{"line":30,"column":64}},"6":{"start":{"line":36,"column":26},"end":{"line":36,"column":85}},"7":{"start":{"line":37,"column":8},"end":{"line":37,"column":44}},"8":{"start":{"line":41,"column":8},"end":{"line":41,"column":78}},"9":{"start":{"line":46,"column":8},"end":{"line":46,"column":24}},"10":{"start":{"line":51,"column":8},"end":{"line":51,"column":47}},"11":{"start":{"line":52,"column":24},"end":{"line":52,"column":42}},"12":{"start":{"line":53,"column":24},"end":{"line":53,"column":26}},"13":{"start":{"line":54,"column":8},"end":{"line":63,"column":9}},"14":{"start":{"line":55,"column":12},"end":{"line":60,"column":13}},"15":{"start":{"line":57,"column":31},"end":{"line":57,"column":69}},"16":{"start":{"line":58,"column":16},"end":{"line":58,"column":142}},"17":{"start":{"line":59,"column":16},"end":{"line":59,"column":36}},"18":{"start":{"line":64,"column":8},"end":{"line":64,"column":51}},"19":{"start":{"line":69,"column":8},"end":{"line":69,"column":29}},"20":{"start":{"line":70,"column":8},"end":{"line":72,"column":9}},"21":{"start":{"line":71,"column":12},"end":{"line":71,"column":35}},"22":{"start":{"line":77,"column":8},"end":{"line":77,"column":52}},"23":{"start":{"line":81,"column":18},"end":{"line":85,"column":10}},"24":{"start":{"line":87,"column":8},"end":{"line":89,"column":21}},"25":{"start":{"line":90,"column":8},"end":{"line":90,"column":46}},"26":{"start":{"line":91,"column":8},"end":{"line":91,"column":48}},"27":{"start":{"line":92,"column":8},"end":{"line":92,"column":48}},"28":{"start":{"line":93,"column":8},"end":{"line":93,"column":22}},"29":{"start":{"line":94,"column":8},"end":{"line":94,"column":28}},"30":{"start":{"line":99,"column":8},"end":{"line":102,"column":21}}},"fnMap":{"0":{"name":"(anonymous_0)","decl":{"start":{"line":14,"column":4},"end":{"line":14,"column":5}},"loc":{"start":{"line":14,"column":23},"end":{"line":31,"column":5}},"line":14},"1":{"name":"(anonymous_1)","decl":{"start":{"line":35,"column":4},"end":{"line":35,"column":5}},"loc":{"start":{"line":35,"column":23},"end":{"line":38,"column":5}},"line":35},"2":{"name":"(anonymous_2)","decl":{"start":{"line":40,"column":4},"end":{"line":40,"column":5}},"loc":{"start":{"line":40,"column":27},"end":{"line":42,"column":5}},"line":40},"3":{"name":"(anonymous_3)","decl":{"start":{"line":44,"column":4},"end":{"line":44,"column":5}},"loc":{"start":{"line":44,"column":24},"end":{"line":47,"column":5}},"line":44},"4":{"name":"(anonymous_4)","decl":{"start":{"line":50,"column":4},"end":{"line":50,"column":5}},"loc":{"start":{"line":50,"column":20},"end":{"line":66,"column":5}},"line":50},"5":{"name":"(anonymous_5)","decl":{"start":{"line":54,"column":24},"end":{"line":54,"column":25}},"loc":{"start":{"line":54,"column":34},"end":{"line":62,"column":9}},"line":54},"6":{"name":"(anonymous_6)","decl":{"start":{"line":68,"column":4},"end":{"line":68,"column":5}},"loc":{"start":{"line":68,"column":34},"end":{"line":74,"column":5}},"line":68},"7":{"name":"(anonymous_7)","decl":{"start":{"line":76,"column":4},"end":{"line":76,"column":5}},"loc":{"start":{"line":76,"column":23},"end":{"line":78,"column":5}},"line":76},"8":{"name":"(anonymous_8)","decl":{"start":{"line":80,"column":4},"end":{"line":80,"column":5}},"loc":{"start":{"line":80,"column":16},"end":{"line":95,"column":5}},"line":80},"9":{"name":"(anonymous_9)","decl":{"start":{"line":97,"column":4},"end":{"line":97,"column":5}},"loc":{"start":{"line":97,"column":13},"end":{"line":103,"column":5}},"line":97}},"branchMap":{"0":{"loc":{"start":{"line":36,"column":26},"end":{"line":36,"column":85}},"type":"cond-expr","locations":[{"start":{"line":36,"column":54},"end":{"line":36,"column":78}},{"start":{"line":36,"column":82},"end":{"line":36,"column":85}}],"line":36},"1":{"loc":{"start":{"line":55,"column":12},"end":{"line":60,"column":13}},"type":"if","locations":[{"start":{"line":55,"column":12},"end":{"line":60,"column":13}},{"start":{"line":55,"column":12},"end":{"line":60,"column":13}}],"line":55},"2":{"loc":{"start":{"line":70,"column":8},"end":{"line":72,"column":9}},"type":"if","locations":[{"start":{"line":70,"column":8},"end":{"line":72,"column":9}},{"start":{"line":70,"column":8},"end":{"line":72,"column":9}}],"line":70}},"s":{"0":1,"1":0,"2":0,"3":0,"4":0,"5":0,"6":0,"7":0,"8":0,"9":0,"10":0,"11":0,"12":0,"13":0,"14":0,"15":0,"16":0,"17":0,"18":0,"19":0,"20":0,"21":0,"22":0,"23":0,"24":0,"25":0,"26":0,"27":0,"28":0,"29":0,"30":0},"f":{"0":0,"1":0,"2":0,"3":0,"4":0,"5":0,"6":0,"7":0,"8":0,"9":0},"b":{"0":[0,0],"1":[0,0],"2":[0,0]},"_coverageSchema":"1a1c01bbd47fc00a2c39e90264f33305004495a9","hash":"425ebe4516c3e214c267b4b19bd652ee4fb00563"}
,"/home/chinchillo/Schreibtisch/PolishStreetNames/src/components/PieChart.js": {"path":"/home/chinchillo/Schreibtisch/PolishStreetNames/src/components/PieChart.js","statementMap":{"0":{"start":{"line":8,"column":8},"end":{"line":8,"column":20}},"1":{"start":{"line":22,"column":21},"end":{"line":22,"column":36}},"2":{"start":{"line":23,"column":8},"end":{"line":43,"column":10}},"3":{"start":{"line":33,"column":36},"end":{"line":33,"column":46}},"4":{"start":{"line":36,"column":51},"end":{"line":36,"column":108}}},"fnMap":{"0":{"name":"(anonymous_0)","decl":{"start":{"line":7,"column":4},"end":{"line":7,"column":5}},"loc":{"start":{"line":7,"column":23},"end":{"line":10,"column":5}},"line":7},"1":{"name":"(anonymous_1)","decl":{"start":{"line":11,"column":4},"end":{"line":11,"column":5}},"loc":{"start":{"line":11,"column":24},"end":{"line":13,"column":5}},"line":11},"2":{"name":"(anonymous_2)","decl":{"start":{"line":15,"column":4},"end":{"line":15,"column":5}},"loc":{"start":{"line":15,"column":25},"end":{"line":17,"column":5}},"line":15},"3":{"name":"(anonymous_3)","decl":{"start":{"line":21,"column":4},"end":{"line":21,"column":5}},"loc":{"start":{"line":21,"column":13},"end":{"line":44,"column":5}},"line":21},"4":{"name":"(anonymous_4)","decl":{"start":{"line":33,"column":27},"end":{"line":33,"column":28}},"loc":{"start":{"line":33,"column":36},"end":{"line":33,"column":46}},"line":33},"5":{"name":"(anonymous_5)","decl":{"start":{"line":36,"column":33},"end":{"line":36,"column":34}},"loc":{"start":{"line":36,"column":51},"end":{"line":36,"column":108}},"line":36}},"branchMap":{},"s":{"0":0,"1":0,"2":0,"3":0,"4":0},"f":{"0":0,"1":0,"2":0,"3":0,"4":0,"5":0},"b":{},"_coverageSchema":"1a1c01bbd47fc00a2c39e90264f33305004495a9","hash":"c386688ccd94e79e708d0b72236b5f1e1c568686"}
,"/home/chinchillo/Schreibtisch/PolishStreetNames/src/components/WordCloud.js": {"path":"/home/chinchillo/Schreibtisch/PolishStreetNames/src/components/WordCloud.js","statementMap":{"0":{"start":{"line":8,"column":18},"end":{"line":61,"column":1}},"1":{"start":{"line":10,"column":17},"end":{"line":12,"column":6}},"2":{"start":{"line":11,"column":8},"end":{"line":11,"column":32}},"3":{"start":{"line":13,"column":22},"end":{"line":13,"column":39}},"4":{"start":{"line":16,"column":22},"end":{"line":16,"column":53}},"5":{"start":{"line":17,"column":21},"end":{"line":17,"column":58}},"6":{"start":{"line":18,"column":8},"end":{"line":18,"column":19}},"7":{"start":{"line":23,"column":8},"end":{"line":34,"column":10}},"8":{"start":{"line":24,"column":29},"end":{"line":24,"column":58}},"9":{"start":{"line":25,"column":28},"end":{"line":25,"column":40}},"10":{"start":{"line":26,"column":25},"end":{"line":26,"column":40}},"11":{"start":{"line":27,"column":12},"end":{"line":32,"column":18}},"12":{"start":{"line":29,"column":20},"end":{"line":31,"column":21}},"13":{"start":{"line":30,"column":24},"end":{"line":30,"column":106}},"14":{"start":{"line":36,"column":20},"end":{"line":42,"column":5}},"15":{"start":{"line":44,"column":22},"end":{"line":51,"column":5}},"16":{"start":{"line":45,"column":32},"end":{"line":45,"column":59}},"17":{"start":{"line":47,"column":12},"end":{"line":47,"column":66}},"18":{"start":{"line":56,"column":4},"end":{"line":60,"column":6}}},"fnMap":{"0":{"name":"(anonymous_0)","decl":{"start":{"line":8,"column":18},"end":{"line":8,"column":19}},"loc":{"start":{"line":8,"column":29},"end":{"line":61,"column":1}},"line":8},"1":{"name":"(anonymous_1)","decl":{"start":{"line":10,"column":33},"end":{"line":10,"column":34}},"loc":{"start":{"line":10,"column":49},"end":{"line":12,"column":5}},"line":10},"2":{"name":"getFont","decl":{"start":{"line":15,"column":13},"end":{"line":15,"column":20}},"loc":{"start":{"line":15,"column":23},"end":{"line":19,"column":5}},"line":15},"3":{"name":"getCallback","decl":{"start":{"line":22,"column":13},"end":{"line":22,"column":24}},"loc":{"start":{"line":22,"column":35},"end":{"line":35,"column":5}},"line":22},"4":{"name":"(anonymous_4)","decl":{"start":{"line":23,"column":15},"end":{"line":23,"column":16}},"loc":{"start":{"line":23,"column":38},"end":{"line":34,"column":9}},"line":23},"5":{"name":"(anonymous_5)","decl":{"start":{"line":28,"column":29},"end":{"line":28,"column":30}},"loc":{"start":{"line":28,"column":35},"end":{"line":32,"column":17}},"line":28},"6":{"name":"(anonymous_6)","decl":{"start":{"line":45,"column":22},"end":{"line":45,"column":23}},"loc":{"start":{"line":45,"column":32},"end":{"line":45,"column":59}},"line":45},"7":{"name":"(anonymous_7)","decl":{"start":{"line":46,"column":24},"end":{"line":46,"column":25}},"loc":{"start":{"line":47,"column":12},"end":{"line":47,"column":66}},"line":47}},"branchMap":{"0":{"loc":{"start":{"line":29,"column":20},"end":{"line":31,"column":21}},"type":"if","locations":[{"start":{"line":29,"column":20},"end":{"line":31,"column":21}},{"start":{"line":29,"column":20},"end":{"line":31,"column":21}}],"line":29}},"s":{"0":1,"1":0,"2":0,"3":0,"4":0,"5":0,"6":0,"7":0,"8":0,"9":0,"10":0,"11":0,"12":0,"13":0,"14":0,"15":0,"16":0,"17":0,"18":0},"f":{"0":0,"1":0,"2":0,"3":0,"4":0,"5":0,"6":0,"7":0},"b":{"0":[0,0]},"_coverageSchema":"1a1c01bbd47fc00a2c39e90264f33305004495a9","hash":"656c125e3c20e97afd368d8ef22ac32215875bfa"}
,"/home/chinchillo/Schreibtisch/PolishStreetNames/src/containers/App.js": {"path":"/home/chinchillo/Schreibtisch/PolishStreetNames/src/containers/App.js","statementMap":{"0":{"start":{"line":23,"column":4},"end":{"line":23,"column":17}},"1":{"start":{"line":24,"column":4},"end":{"line":24,"column":80}},"2":{"start":{"line":26,"column":4},"end":{"line":26,"column":26}},"3":{"start":{"line":28,"column":4},"end":{"line":28,"column":61}},"4":{"start":{"line":30,"column":4},"end":{"line":30,"column":59}},"5":{"start":{"line":32,"column":4},"end":{"line":33,"column":71}},"6":{"start":{"line":34,"column":4},"end":{"line":34,"column":80}},"7":{"start":{"line":35,"column":4},"end":{"line":35,"column":60}},"8":{"start":{"line":36,"column":4},"end":{"line":36,"column":52}},"9":{"start":{"line":37,"column":4},"end":{"line":37,"column":56}},"10":{"start":{"line":38,"column":4},"end":{"line":38,"column":78}},"11":{"start":{"line":39,"column":4},"end":{"line":42,"column":5}},"12":{"start":{"line":46,"column":4},"end":{"line":46,"column":43}},"13":{"start":{"line":47,"column":4},"end":{"line":47,"column":54}},"14":{"start":{"line":58,"column":19},"end":{"line":58,"column":21}},"15":{"start":{"line":59,"column":4},"end":{"line":84,"column":5}},"16":{"start":{"line":60,"column":22},"end":{"line":60,"column":81}},"17":{"start":{"line":60,"column":47},"end":{"line":60,"column":80}},"18":{"start":{"line":61,"column":6},"end":{"line":71,"column":7}},"19":{"start":{"line":62,"column":20},"end":{"line":67,"column":9}},"20":{"start":{"line":68,"column":8},"end":{"line":68,"column":26}},"21":{"start":{"line":70,"column":8},"end":{"line":70,"column":49}},"22":{"start":{"line":72,"column":22},"end":{"line":72,"column":81}},"23":{"start":{"line":72,"column":47},"end":{"line":72,"column":80}},"24":{"start":{"line":73,"column":6},"end":{"line":83,"column":7}},"25":{"start":{"line":74,"column":20},"end":{"line":79,"column":9}},"26":{"start":{"line":80,"column":8},"end":{"line":80,"column":26}},"27":{"start":{"line":82,"column":8},"end":{"line":82,"column":49}},"28":{"start":{"line":85,"column":4},"end":{"line":85,"column":19}},"29":{"start":{"line":89,"column":38},"end":{"line":89,"column":40}},"30":{"start":{"line":90,"column":4},"end":{"line":98,"column":6}},"31":{"start":{"line":91,"column":6},"end":{"line":97,"column":7}},"32":{"start":{"line":92,"column":8},"end":{"line":94,"column":9}},"33":{"start":{"line":93,"column":10},"end":{"line":93,"column":50}},"34":{"start":{"line":99,"column":4},"end":{"line":99,"column":72}},"35":{"start":{"line":104,"column":26},"end":{"line":104,"column":33}},"36":{"start":{"line":106,"column":4},"end":{"line":110,"column":5}},"37":{"start":{"line":107,"column":6},"end":{"line":109,"column":7}},"38":{"start":{"line":108,"column":8},"end":{"line":108,"column":32}},"39":{"start":{"line":112,"column":4},"end":{"line":114,"column":5}},"40":{"start":{"line":113,"column":6},"end":{"line":113,"column":86}},"41":{"start":{"line":115,"column":19},"end":{"line":115,"column":41}},"42":{"start":{"line":116,"column":4},"end":{"line":116,"column":61}},"43":{"start":{"line":117,"column":4},"end":{"line":117,"column":26}},"44":{"start":{"line":123,"column":18},"end":{"line":123,"column":49}},"45":{"start":{"line":124,"column":25},"end":{"line":124,"column":27}},"46":{"start":{"line":125,"column":4},"end":{"line":125,"column":66}},"47":{"start":{"line":126,"column":4},"end":{"line":126,"column":63}},"48":{"start":{"line":127,"column":4},"end":{"line":127,"column":62}},"49":{"start":{"line":128,"column":4},"end":{"line":128,"column":69}},"50":{"start":{"line":129,"column":4},"end":{"line":129,"column":24}},"51":{"start":{"line":136,"column":25},"end":{"line":136,"column":86}},"52":{"start":{"line":136,"column":69},"end":{"line":136,"column":84}},"53":{"start":{"line":137,"column":26},"end":{"line":137,"column":28}},"54":{"start":{"line":138,"column":4},"end":{"line":148,"column":5}},"55":{"start":{"line":139,"column":27},"end":{"line":139,"column":42}},"56":{"start":{"line":140,"column":29},"end":{"line":140,"column":68}},"57":{"start":{"line":141,"column":27},"end":{"line":141,"column":89}},"58":{"start":{"line":141,"column":59},"end":{"line":141,"column":88}},"59":{"start":{"line":142,"column":6},"end":{"line":147,"column":7}},"60":{"start":{"line":143,"column":8},"end":{"line":143,"column":45}},"61":{"start":{"line":145,"column":21},"end":{"line":145,"column":40}},"62":{"start":{"line":146,"column":8},"end":{"line":146,"column":34}},"63":{"start":{"line":149,"column":4},"end":{"line":149,"column":26}},"64":{"start":{"line":154,"column":4},"end":{"line":193,"column":6}}},"fnMap":{"0":{"name":"(anonymous_0)","decl":{"start":{"line":22,"column":2},"end":{"line":22,"column":3}},"loc":{"start":{"line":22,"column":21},"end":{"line":43,"column":3}},"line":22},"1":{"name":"(anonymous_1)","decl":{"start":{"line":45,"column":2},"end":{"line":45,"column":3}},"loc":{"start":{"line":45,"column":22},"end":{"line":48,"column":3}},"line":45},"2":{"name":"(anonymous_2)","decl":{"start":{"line":50,"column":2},"end":{"line":50,"column":3}},"loc":{"start":{"line":50,"column":23},"end":{"line":53,"column":3}},"line":50},"3":{"name":"(anonymous_3)","decl":{"start":{"line":57,"column":2},"end":{"line":57,"column":3}},"loc":{"start":{"line":57,"column":19},"end":{"line":86,"column":3}},"line":57},"4":{"name":"(anonymous_4)","decl":{"start":{"line":60,"column":36},"end":{"line":60,"column":37}},"loc":{"start":{"line":60,"column":47},"end":{"line":60,"column":80}},"line":60},"5":{"name":"(anonymous_5)","decl":{"start":{"line":72,"column":36},"end":{"line":72,"column":37}},"loc":{"start":{"line":72,"column":47},"end":{"line":72,"column":80}},"line":72},"6":{"name":"(anonymous_6)","decl":{"start":{"line":88,"column":2},"end":{"line":88,"column":3}},"loc":{"start":{"line":88,"column":45},"end":{"line":100,"column":3}},"line":88},"7":{"name":"(anonymous_7)","decl":{"start":{"line":90,"column":45},"end":{"line":90,"column":46}},"loc":{"start":{"line":90,"column":57},"end":{"line":98,"column":5}},"line":90},"8":{"name":"(anonymous_8)","decl":{"start":{"line":103,"column":2},"end":{"line":103,"column":3}},"loc":{"start":{"line":103,"column":57},"end":{"line":118,"column":3}},"line":103},"9":{"name":"(anonymous_9)","decl":{"start":{"line":107,"column":39},"end":{"line":107,"column":40}},"loc":{"start":{"line":108,"column":8},"end":{"line":108,"column":32}},"line":108},"10":{"name":"(anonymous_10)","decl":{"start":{"line":112,"column":45},"end":{"line":112,"column":46}},"loc":{"start":{"line":113,"column":6},"end":{"line":113,"column":86}},"line":113},"11":{"name":"(anonymous_11)","decl":{"start":{"line":122,"column":2},"end":{"line":122,"column":3}},"loc":{"start":{"line":122,"column":17},"end":{"line":130,"column":3}},"line":122},"12":{"name":"(anonymous_12)","decl":{"start":{"line":135,"column":2},"end":{"line":135,"column":3}},"loc":{"start":{"line":135,"column":21},"end":{"line":150,"column":3}},"line":135},"13":{"name":"(anonymous_13)","decl":{"start":{"line":136,"column":61},"end":{"line":136,"column":62}},"loc":{"start":{"line":136,"column":69},"end":{"line":136,"column":84}},"line":136},"14":{"name":"(anonymous_14)","decl":{"start":{"line":141,"column":48},"end":{"line":141,"column":49}},"loc":{"start":{"line":141,"column":59},"end":{"line":141,"column":88}},"line":141},"15":{"name":"(anonymous_15)","decl":{"start":{"line":152,"column":2},"end":{"line":152,"column":3}},"loc":{"start":{"line":152,"column":11},"end":{"line":194,"column":3}},"line":152}},"branchMap":{"0":{"loc":{"start":{"line":24,"column":21},"end":{"line":24,"column":80}},"type":"cond-expr","locations":[{"start":{"line":24,"column":49},"end":{"line":24,"column":73}},{"start":{"line":24,"column":77},"end":{"line":24,"column":80}}],"line":24},"1":{"loc":{"start":{"line":61,"column":6},"end":{"line":71,"column":7}},"type":"if","locations":[{"start":{"line":61,"column":6},"end":{"line":71,"column":7}},{"start":{"line":61,"column":6},"end":{"line":71,"column":7}}],"line":61},"2":{"loc":{"start":{"line":73,"column":6},"end":{"line":83,"column":7}},"type":"if","locations":[{"start":{"line":73,"column":6},"end":{"line":83,"column":7}},{"start":{"line":73,"column":6},"end":{"line":83,"column":7}}],"line":73},"3":{"loc":{"start":{"line":91,"column":6},"end":{"line":97,"column":7}},"type":"if","locations":[{"start":{"line":91,"column":6},"end":{"line":97,"column":7}},{"start":{"line":91,"column":6},"end":{"line":97,"column":7}}],"line":91},"4":{"loc":{"start":{"line":92,"column":8},"end":{"line":94,"column":9}},"type":"if","locations":[{"start":{"line":92,"column":8},"end":{"line":94,"column":9}},{"start":{"line":92,"column":8},"end":{"line":94,"column":9}}],"line":92},"5":{"loc":{"start":{"line":106,"column":4},"end":{"line":110,"column":5}},"type":"if","locations":[{"start":{"line":106,"column":4},"end":{"line":110,"column":5}},{"start":{"line":106,"column":4},"end":{"line":110,"column":5}}],"line":106},"6":{"loc":{"start":{"line":113,"column":6},"end":{"line":113,"column":86}},"type":"binary-expr","locations":[{"start":{"line":113,"column":6},"end":{"line":113,"column":45}},{"start":{"line":113,"column":49},"end":{"line":113,"column":86}}],"line":113},"7":{"loc":{"start":{"line":142,"column":6},"end":{"line":147,"column":7}},"type":"if","locations":[{"start":{"line":142,"column":6},"end":{"line":147,"column":7}},{"start":{"line":142,"column":6},"end":{"line":147,"column":7}}],"line":142}},"s":{"0":0,"1":0,"2":0,"3":0,"4":0,"5":0,"6":0,"7":0,"8":0,"9":0,"10":0,"11":0,"12":0,"13":0,"14":0,"15":0,"16":0,"17":0,"18":0,"19":0,"20":0,"21":0,"22":0,"23":0,"24":0,"25":0,"26":0,"27":0,"28":0,"29":0,"30":0,"31":0,"32":0,"33":0,"34":0,"35":0,"36":0,"37":0,"38":0,"39":0,"40":0,"41":0,"42":0,"43":0,"44":0,"45":0,"46":0,"47":0,"48":0,"49":0,"50":0,"51":0,"52":0,"53":0,"54":0,"55":0,"56":0,"57":0,"58":0,"59":0,"60":0,"61":0,"62":0,"63":0,"64":0},"f":{"0":0,"1":0,"2":0,"3":0,"4":0,"5":0,"6":0,"7":0,"8":0,"9":0,"10":0,"11":0,"12":0,"13":0,"14":0,"15":0},"b":{"0":[0,0],"1":[0,0],"2":[0,0],"3":[0,0],"4":[0,0],"5":[0,0],"6":[0,0],"7":[0,0]},"_coverageSchema":"1a1c01bbd47fc00a2c39e90264f33305004495a9","hash":"ab17e9bd2d403a8aa9db76710d9b0fc3a23d178c"}
,"/home/chinchillo/Schreibtisch/PolishStreetNames/src/containers/ChartContainer.js": {"path":"/home/chinchillo/Schreibtisch/PolishStreetNames/src/containers/ChartContainer.js","statementMap":{"0":{"start":{"line":9,"column":8},"end":{"line":9,"column":21}},"1":{"start":{"line":10,"column":8},"end":{"line":12,"column":10}},"2":{"start":{"line":13,"column":8},"end":{"line":13,"column":76}},"3":{"start":{"line":14,"column":8},"end":{"line":14,"column":74}},"4":{"start":{"line":15,"column":8},"end":{"line":15,"column":54}},"5":{"start":{"line":19,"column":8},"end":{"line":19,"column":57}},"6":{"start":{"line":23,"column":23},"end":{"line":23,"column":85}},"7":{"start":{"line":24,"column":21},"end":{"line":24,"column":23}},"8":{"start":{"line":26,"column":8},"end":{"line":38,"column":10}},"9":{"start":{"line":27,"column":12},"end":{"line":36,"column":13}},"10":{"start":{"line":28,"column":26},"end":{"line":28,"column":28}},"11":{"start":{"line":29,"column":16},"end":{"line":29,"column":41}},"12":{"start":{"line":30,"column":16},"end":{"line":30,"column":44}},"13":{"start":{"line":31,"column":16},"end":{"line":31,"column":48}},"14":{"start":{"line":32,"column":16},"end":{"line":34,"column":17}},"15":{"start":{"line":33,"column":20},"end":{"line":33,"column":36}},"16":{"start":{"line":39,"column":8},"end":{"line":39,"column":21}},"17":{"start":{"line":44,"column":23},"end":{"line":44,"column":85}},"18":{"start":{"line":45,"column":21},"end":{"line":45,"column":23}},"19":{"start":{"line":46,"column":8},"end":{"line":62,"column":10}},"20":{"start":{"line":48,"column":12},"end":{"line":61,"column":13}},"21":{"start":{"line":49,"column":38},"end":{"line":49,"column":97}},"22":{"start":{"line":49,"column":66},"end":{"line":49,"column":96}},"23":{"start":{"line":51,"column":16},"end":{"line":60,"column":17}},"24":{"start":{"line":52,"column":30},"end":{"line":52,"column":32}},"25":{"start":{"line":53,"column":20},"end":{"line":53,"column":48}},"26":{"start":{"line":54,"column":20},"end":{"line":54,"column":36}},"27":{"start":{"line":55,"column":20},"end":{"line":55,"column":36}},"28":{"start":{"line":59,"column":20},"end":{"line":59,"column":81}},"29":{"start":{"line":63,"column":8},"end":{"line":63,"column":21}},"30":{"start":{"line":67,"column":8},"end":{"line":86,"column":9}},"31":{"start":{"line":70,"column":115},"end":{"line":70,"column":140}},"32":{"start":{"line":71,"column":99},"end":{"line":71,"column":125}}},"fnMap":{"0":{"name":"(anonymous_0)","decl":{"start":{"line":8,"column":4},"end":{"line":8,"column":5}},"loc":{"start":{"line":8,"column":23},"end":{"line":16,"column":5}},"line":8},"1":{"name":"(anonymous_1)","decl":{"start":{"line":18,"column":4},"end":{"line":18,"column":5}},"loc":{"start":{"line":18,"column":23},"end":{"line":20,"column":5}},"line":18},"2":{"name":"(anonymous_2)","decl":{"start":{"line":22,"column":4},"end":{"line":22,"column":5}},"loc":{"start":{"line":22,"column":29},"end":{"line":40,"column":5}},"line":22},"3":{"name":"(anonymous_3)","decl":{"start":{"line":26,"column":32},"end":{"line":26,"column":33}},"loc":{"start":{"line":26,"column":49},"end":{"line":38,"column":9}},"line":26},"4":{"name":"(anonymous_4)","decl":{"start":{"line":42,"column":4},"end":{"line":42,"column":5}},"loc":{"start":{"line":42,"column":28},"end":{"line":64,"column":5}},"line":42},"5":{"name":"(anonymous_5)","decl":{"start":{"line":46,"column":32},"end":{"line":46,"column":33}},"loc":{"start":{"line":46,"column":49},"end":{"line":62,"column":9}},"line":46},"6":{"name":"(anonymous_6)","decl":{"start":{"line":49,"column":55},"end":{"line":49,"column":56}},"loc":{"start":{"line":49,"column":66},"end":{"line":49,"column":96}},"line":49},"7":{"name":"(anonymous_7)","decl":{"start":{"line":66,"column":4},"end":{"line":66,"column":5}},"loc":{"start":{"line":66,"column":13},"end":{"line":89,"column":5}},"line":66},"8":{"name":"(anonymous_8)","decl":{"start":{"line":70,"column":108},"end":{"line":70,"column":109}},"loc":{"start":{"line":70,"column":115},"end":{"line":70,"column":140}},"line":70},"9":{"name":"(anonymous_9)","decl":{"start":{"line":71,"column":92},"end":{"line":71,"column":93}},"loc":{"start":{"line":71,"column":99},"end":{"line":71,"column":125}},"line":71}},"branchMap":{"0":{"loc":{"start":{"line":23,"column":23},"end":{"line":23,"column":85}},"type":"cond-expr","locations":[{"start":{"line":23,"column":60},"end":{"line":23,"column":71}},{"start":{"line":23,"column":74},"end":{"line":23,"column":85}}],"line":23},"1":{"loc":{"start":{"line":27,"column":12},"end":{"line":36,"column":13}},"type":"if","locations":[{"start":{"line":27,"column":12},"end":{"line":36,"column":13}},{"start":{"line":27,"column":12},"end":{"line":36,"column":13}}],"line":27},"2":{"loc":{"start":{"line":32,"column":16},"end":{"line":34,"column":17}},"type":"if","locations":[{"start":{"line":32,"column":16},"end":{"line":34,"column":17}},{"start":{"line":32,"column":16},"end":{"line":34,"column":17}}],"line":32},"3":{"loc":{"start":{"line":32,"column":22},"end":{"line":32,"column":79}},"type":"binary-expr","locations":[{"start":{"line":32,"column":22},"end":{"line":32,"column":47}},{"start":{"line":32,"column":51},"end":{"line":32,"column":79}}],"line":32},"4":{"loc":{"start":{"line":44,"column":23},"end":{"line":44,"column":85}},"type":"cond-expr","locations":[{"start":{"line":44,"column":60},"end":{"line":44,"column":71}},{"start":{"line":44,"column":74},"end":{"line":44,"column":85}}],"line":44},"5":{"loc":{"start":{"line":48,"column":12},"end":{"line":61,"column":13}},"type":"if","locations":[{"start":{"line":48,"column":12},"end":{"line":61,"column":13}},{"start":{"line":48,"column":12},"end":{"line":61,"column":13}}],"line":48},"6":{"loc":{"start":{"line":48,"column":16},"end":{"line":48,"column":67}},"type":"binary-expr","locations":[{"start":{"line":48,"column":16},"end":{"line":48,"column":33}},{"start":{"line":48,"column":37},"end":{"line":48,"column":67}}],"line":48},"7":{"loc":{"start":{"line":51,"column":16},"end":{"line":60,"column":17}},"type":"if","locations":[{"start":{"line":51,"column":16},"end":{"line":60,"column":17}},{"start":{"line":51,"column":16},"end":{"line":60,"column":17}}],"line":51}},"s":{"0":0,"1":0,"2":0,"3":0,"4":0,"5":0,"6":0,"7":0,"8":0,"9":0,"10":0,"11":0,"12":0,"13":0,"14":0,"15":0,"16":0,"17":0,"18":0,"19":0,"20":0,"21":0,"22":0,"23":0,"24":0,"25":0,"26":0,"27":0,"28":0,"29":0,"30":0,"31":0,"32":0},"f":{"0":0,"1":0,"2":0,"3":0,"4":0,"5":0,"6":0,"7":0,"8":0,"9":0},"b":{"0":[0,0],"1":[0,0],"2":[0,0],"3":[0,0],"4":[0,0],"5":[0,0],"6":[0,0],"7":[0,0]},"_coverageSchema":"1a1c01bbd47fc00a2c39e90264f33305004495a9","hash":"7b452d4d104efa6b921a1d4adcf8a07555a18f0a"}
,"/home/chinchillo/Schreibtisch/PolishStreetNames/src/containers/FilterContainer.js": {"path":"/home/chinchillo/Schreibtisch/PolishStreetNames/src/containers/FilterContainer.js","statementMap":{"0":{"start":{"line":11,"column":8},"end":{"line":11,"column":21}},"1":{"start":{"line":12,"column":8},"end":{"line":20,"column":14}},"2":{"start":{"line":21,"column":8},"end":{"line":21,"column":54}},"3":{"start":{"line":22,"column":8},"end":{"line":22,"column":76}},"4":{"start":{"line":23,"column":8},"end":{"line":23,"column":56}},"5":{"start":{"line":24,"column":8},"end":{"line":24,"column":52}},"6":{"start":{"line":31,"column":78},"end":{"line":31,"column":88}},"7":{"start":{"line":32,"column":8},"end":{"line":37,"column":9}},"8":{"start":{"line":33,"column":12},"end":{"line":33,"column":67}},"9":{"start":{"line":36,"column":12},"end":{"line":36,"column":98}},"10":{"start":{"line":41,"column":20},"end":{"line":41,"column":50}},"11":{"start":{"line":42,"column":8},"end":{"line":42,"column":52}},"12":{"start":{"line":45,"column":8},"end":{"line":45,"column":51}},"13":{"start":{"line":48,"column":8},"end":{"line":48,"column":49}},"14":{"start":{"line":54,"column":8},"end":{"line":74,"column":19}}},"fnMap":{"0":{"name":"(anonymous_0)","decl":{"start":{"line":10,"column":4},"end":{"line":10,"column":5}},"loc":{"start":{"line":10,"column":23},"end":{"line":25,"column":5}},"line":10},"1":{"name":"(anonymous_1)","decl":{"start":{"line":27,"column":4},"end":{"line":27,"column":5}},"loc":{"start":{"line":27,"column":25},"end":{"line":28,"column":5}},"line":27},"2":{"name":"(anonymous_2)","decl":{"start":{"line":30,"column":4},"end":{"line":30,"column":5}},"loc":{"start":{"line":30,"column":18},"end":{"line":38,"column":5}},"line":30},"3":{"name":"(anonymous_3)","decl":{"start":{"line":40,"column":4},"end":{"line":40,"column":5}},"loc":{"start":{"line":40,"column":29},"end":{"line":43,"column":5}},"line":40},"4":{"name":"(anonymous_4)","decl":{"start":{"line":44,"column":4},"end":{"line":44,"column":5}},"loc":{"start":{"line":44,"column":23},"end":{"line":46,"column":5}},"line":44},"5":{"name":"(anonymous_5)","decl":{"start":{"line":47,"column":4},"end":{"line":47,"column":5}},"loc":{"start":{"line":47,"column":21},"end":{"line":49,"column":5}},"line":47},"6":{"name":"(anonymous_6)","decl":{"start":{"line":52,"column":4},"end":{"line":52,"column":5}},"loc":{"start":{"line":52,"column":13},"end":{"line":75,"column":5}},"line":52}},"branchMap":{"0":{"loc":{"start":{"line":32,"column":8},"end":{"line":37,"column":9}},"type":"if","locations":[{"start":{"line":32,"column":8},"end":{"line":37,"column":9}},{"start":{"line":32,"column":8},"end":{"line":37,"column":9}}],"line":32}},"s":{"0":0,"1":0,"2":0,"3":0,"4":0,"5":0,"6":0,"7":0,"8":0,"9":0,"10":0,"11":0,"12":0,"13":0,"14":0},"f":{"0":0,"1":0,"2":0,"3":0,"4":0,"5":0,"6":0},"b":{"0":[0,0]},"_coverageSchema":"1a1c01bbd47fc00a2c39e90264f33305004495a9","hash":"5483ea0c8d634f6d71a21028a5bfb0476e7efd18"}
}
