{"/home/chinchillo/Schreibtisch/PolishStreetNames/src/components/NewMap.js": {"path":"/home/chinchillo/Schreibtisch/PolishStreetNames/src/components/NewMap.js","statementMap":{"0":{"start":{"line":8,"column":4},"end":{"line":9,"column":1}},"1":{"start":{"line":15,"column":8},"end":{"line":15,"column":21}},"2":{"start":{"line":16,"column":8},"end":{"line":26,"column":14}},"3":{"start":{"line":28,"column":8},"end":{"line":28,"column":50}},"4":{"start":{"line":29,"column":8},"end":{"line":29,"column":58}},"5":{"start":{"line":30,"column":8},"end":{"line":30,"column":64}},"6":{"start":{"line":36,"column":26},"end":{"line":36,"column":85}},"7":{"start":{"line":37,"column":8},"end":{"line":37,"column":44}},"8":{"start":{"line":41,"column":8},"end":{"line":41,"column":78}},"9":{"start":{"line":46,"column":8},"end":{"line":46,"column":24}},"10":{"start":{"line":51,"column":8},"end":{"line":51,"column":47}},"11":{"start":{"line":52,"column":24},"end":{"line":52,"column":42}},"12":{"start":{"line":53,"column":24},"end":{"line":53,"column":26}},"13":{"start":{"line":54,"column":8},"end":{"line":63,"column":9}},"14":{"start":{"line":55,"column":12},"end":{"line":60,"column":13}},"15":{"start":{"line":57,"column":31},"end":{"line":57,"column":69}},"16":{"start":{"line":58,"column":16},"end":{"line":58,"column":142}},"17":{"start":{"line":59,"column":16},"end":{"line":59,"column":36}},"18":{"start":{"line":64,"column":8},"end":{"line":64,"column":51}},"19":{"start":{"line":69,"column":8},"end":{"line":69,"column":29}},"20":{"start":{"line":70,"column":8},"end":{"line":72,"column":9}},"21":{"start":{"line":71,"column":12},"end":{"line":71,"column":35}},"22":{"start":{"line":77,"column":8},"end":{"line":77,"column":52}},"23":{"start":{"line":81,"column":18},"end":{"line":85,"column":10}},"24":{"start":{"line":87,"column":8},"end":{"line":89,"column":21}},"25":{"start":{"line":90,"column":8},"end":{"line":90,"column":46}},"26":{"start":{"line":91,"column":8},"end":{"line":91,"column":48}},"27":{"start":{"line":92,"column":8},"end":{"line":92,"column":48}},"28":{"start":{"line":93,"column":8},"end":{"line":93,"column":22}},"29":{"start":{"line":94,"column":8},"end":{"line":94,"column":28}},"30":{"start":{"line":99,"column":8},"end":{"line":102,"column":21}}},"fnMap":{"0":{"name":"(anonymous_0)","decl":{"start":{"line":14,"column":4},"end":{"line":14,"column":5}},"loc":{"start":{"line":14,"column":23},"end":{"line":31,"column":5}},"line":14},"1":{"name":"(anonymous_1)","decl":{"start":{"line":35,"column":4},"end":{"line":35,"column":5}},"loc":{"start":{"line":35,"column":23},"end":{"line":38,"column":5}},"line":35},"2":{"name":"(anonymous_2)","decl":{"start":{"line":40,"column":4},"end":{"line":40,"column":5}},"loc":{"start":{"line":40,"column":27},"end":{"line":42,"column":5}},"line":40},"3":{"name":"(anonymous_3)","decl":{"start":{"line":44,"column":4},"end":{"line":44,"column":5}},"loc":{"start":{"line":44,"column":24},"end":{"line":47,"column":5}},"line":44},"4":{"name":"(anonymous_4)","decl":{"start":{"line":50,"column":4},"end":{"line":50,"column":5}},"loc":{"start":{"line":50,"column":20},"end":{"line":66,"column":5}},"line":50},"5":{"name":"(anonymous_5)","decl":{"start":{"line":54,"column":24},"end":{"line":54,"column":25}},"loc":{"start":{"line":54,"column":34},"end":{"line":62,"column":9}},"line":54},"6":{"name":"(anonymous_6)","decl":{"start":{"line":68,"column":4},"end":{"line":68,"column":5}},"loc":{"start":{"line":68,"column":34},"end":{"line":74,"column":5}},"line":68},"7":{"name":"(anonymous_7)","decl":{"start":{"line":76,"column":4},"end":{"line":76,"column":5}},"loc":{"start":{"line":76,"column":23},"end":{"line":78,"column":5}},"line":76},"8":{"name":"(anonymous_8)","decl":{"start":{"line":80,"column":4},"end":{"line":80,"column":5}},"loc":{"start":{"line":80,"column":16},"end":{"line":95,"column":5}},"line":80},"9":{"name":"(anonymous_9)","decl":{"start":{"line":97,"column":4},"end":{"line":97,"column":5}},"loc":{"start":{"line":97,"column":13},"end":{"line":103,"column":5}},"line":97}},"branchMap":{"0":{"loc":{"start":{"line":36,"column":26},"end":{"line":36,"column":85}},"type":"cond-expr","locations":[{"start":{"line":36,"column":54},"end":{"line":36,"column":78}},{"start":{"line":36,"column":82},"end":{"line":36,"column":85}}],"line":36},"1":{"loc":{"start":{"line":55,"column":12},"end":{"line":60,"column":13}},"type":"if","locations":[{"start":{"line":55,"column":12},"end":{"line":60,"column":13}},{"start":{"line":55,"column":12},"end":{"line":60,"column":13}}],"line":55},"2":{"loc":{"start":{"line":70,"column":8},"end":{"line":72,"column":9}},"type":"if","locations":[{"start":{"line":70,"column":8},"end":{"line":72,"column":9}},{"start":{"line":70,"column":8},"end":{"line":72,"column":9}}],"line":70}},"s":{"0":1,"1":0,"2":0,"3":0,"4":0,"5":0,"6":0,"7":0,"8":0,"9":0,"10":0,"11":0,"12":0,"13":0,"14":0,"15":0,"16":0,"17":0,"18":0,"19":0,"20":0,"21":0,"22":0,"23":0,"24":0,"25":0,"26":0,"27":0,"28":0,"29":0,"30":0},"f":{"0":0,"1":0,"2":0,"3":0,"4":0,"5":0,"6":0,"7":0,"8":0,"9":0},"b":{"0":[0,0],"1":[0,0],"2":[0,0]},"_coverageSchema":"1a1c01bbd47fc00a2c39e90264f33305004495a9","hash":"425ebe4516c3e214c267b4b19bd652ee4fb00563"}
}
